# JRE version: OpenJDK Runtime Environment Microsoft-10800203 (21.0.6+7) (build 21.0.6+7-LTS)
# Java VM: OpenJDK 64-Bit Server VM Microsoft-10800203 (21.0.6+7-LTS, mixed mode, sharing, tiered, compressed oops, compressed class ptrs, parallel gc, windows-amd64)
GC Precious Log:
 CardTable entry size: 512
 CPUs: 16 total, 16 available
 Memory: 32503M
 Large Page Support: Disabled
 NUMA Support: Disabled
 Compressed Oops: Enabled (Zero based)
 Alignments: Space 512K, Generation 512K, Heap 2M
 Heap Min Capacity: 8M
 Heap Initial Capacity: 508M
 Heap Max Capacity: 4G
 Pre-touch: Disabled
 Parallel Workers: 13
Heap:
 PSYoungGen      total 126464K, used 65347K [0x00000007aab00000, 0x00000007b5780000, 0x0000000800000000)
  eden space 121344K, 49% used [0x00000007aab00000,0x00000007ae634f00,0x00000007b2180000)
  from space 5120K, 92% used [0x00000007b2400000,0x00000007b289bd28,0x00000007b2900000)
  to   space 27648K, 0% used [0x00000007b3c80000,0x00000007b3c80000,0x00000007b5780000)
 ParOldGen       total 347136K, used 47576K [0x0000000700000000, 0x0000000715300000, 0x00000007aab00000)
  object space 347136K, 13% used [0x0000000700000000,0x0000000702e76188,0x0000000715300000)
 Metaspace       used 71138K, committed 73152K, reserved 1114112K
  class space    used 10125K, committed 11136K, reserved 1048576K
GC Heap History (20 events):
Event: 2.488 GC heap before
{Heap before GC invocations=1 (full 0):
 PSYoungGen      total 151552K, used 130048K [0x00000007aab00000, 0x00000007b5400000, 0x0000000800000000)
  eden space 130048K, 100% used [0x00000007aab00000,0x00000007b2a00000,0x00000007b2a00000)
  from space 21504K, 0% used [0x00000007b3f00000,0x00000007b3f00000,0x00000007b5400000)
  to   space 21504K, 0% used [0x00000007b2a00000,0x00000007b2a00000,0x00000007b3f00000)
 ParOldGen       total 347136K, used 0K [0x0000000700000000, 0x0000000715300000, 0x00000007aab00000)
  object space 347136K, 0% used [0x0000000700000000,0x0000000700000000,0x0000000715300000)
 Metaspace       used 4948K, committed 5184K, reserved 1114112K
  class space    used 605K, committed 704K, reserved 1048576K
}
Event: 2.495 GC heap after
{Heap after GC invocations=1 (full 0):
 PSYoungGen      total 151552K, used 15575K [0x00000007aab00000, 0x00000007b5400000, 0x0000000800000000)
  eden space 130048K, 0% used [0x00000007aab00000,0x00000007aab00000,0x00000007b2a00000)
  from space 21504K, 72% used [0x00000007b2a00000,0x00000007b3935eb0,0x00000007b3f00000)
  to   space 21504K, 0% used [0x00000007b3f00000,0x00000007b3f00000,0x00000007b5400000)
 ParOldGen       total 347136K, used 24K [0x0000000700000000, 0x0000000715300000, 0x00000007aab00000)
  object space 347136K, 0% used [0x0000000700000000,0x0000000700006000,0x0000000715300000)
 Metaspace       used 4948K, committed 5184K, reserved 1114112K
  class space    used 605K, committed 704K, reserved 1048576K
}
Event: 4.377 GC heap before
{Heap before GC invocations=2 (full 0):
 PSYoungGen      total 151552K, used 114982K [0x00000007aab00000, 0x00000007b5400000, 0x0000000800000000)
  eden space 130048K, 76% used [0x00000007aab00000,0x00000007b0c13a20,0x00000007b2a00000)
  from space 21504K, 72% used [0x00000007b2a00000,0x00000007b3935eb0,0x00000007b3f00000)
  to   space 21504K, 0% used [0x00000007b3f00000,0x00000007b3f00000,0x00000007b5400000)
 ParOldGen       total 347136K, used 24K [0x0000000700000000, 0x0000000715300000, 0x00000007aab00000)
  object space 347136K, 0% used [0x0000000700000000,0x0000000700006000,0x0000000715300000)
 Metaspace       used 20888K, committed 21504K, reserved 1114112K
  class space    used 2774K, committed 3072K, reserved 1048576K
}
Event: 4.386 GC heap after
{Heap after GC invocations=2 (full 0):
 PSYoungGen      total 151552K, used 21483K [0x00000007aab00000, 0x00000007b5400000, 0x0000000800000000)
  eden space 130048K, 0% used [0x00000007aab00000,0x00000007aab00000,0x00000007b2a00000)
  from space 21504K, 99% used [0x00000007b3f00000,0x00000007b53faf58,0x00000007b5400000)
  to   space 21504K, 0% used [0x00000007b2a00000,0x00000007b2a00000,0x00000007b3f00000)
 ParOldGen       total 347136K, used 404K [0x0000000700000000, 0x0000000715300000, 0x00000007aab00000)
  object space 347136K, 0% used [0x0000000700000000,0x00000007000651e0,0x0000000715300000)
 Metaspace       used 20888K, committed 21504K, reserved 1114112K
  class space    used 2774K, committed 3072K, reserved 1048576K
}
Event: 4.386 GC heap before
{Heap before GC invocations=3 (full 1):
 PSYoungGen      total 151552K, used 21483K [0x00000007aab00000, 0x00000007b5400000, 0x0000000800000000)
  eden space 130048K, 0% used [0x00000007aab00000,0x00000007aab00000,0x00000007b2a00000)
  from space 21504K, 99% used [0x00000007b3f00000,0x00000007b53faf58,0x00000007b5400000)
  to   space 21504K, 0% used [0x00000007b2a00000,0x00000007b2a00000,0x00000007b3f00000)
 ParOldGen       total 347136K, used 404K [0x0000000700000000, 0x0000000715300000, 0x00000007aab00000)
  object space 347136K, 0% used [0x0000000700000000,0x00000007000651e0,0x0000000715300000)
 Metaspace       used 20888K, committed 21504K, reserved 1114112K
  class space    used 2774K, committed 3072K, reserved 1048576K
}
Event: 4.410 GC heap after
{Heap after GC invocations=3 (full 1):
 PSYoungGen      total 151552K, used 0K [0x00000007aab00000, 0x00000007b5400000, 0x0000000800000000)
  eden space 130048K, 0% used [0x00000007aab00000,0x00000007aab00000,0x00000007b2a00000)
  from space 21504K, 0% used [0x00000007b3f00000,0x00000007b3f00000,0x00000007b5400000)
  to   space 21504K, 0% used [0x00000007b2a00000,0x00000007b2a00000,0x00000007b3f00000)
 ParOldGen       total 347136K, used 21611K [0x0000000700000000, 0x0000000715300000, 0x00000007aab00000)
  object space 347136K, 6% used [0x0000000700000000,0x000000070151ac70,0x0000000715300000)
 Metaspace       used 20888K, committed 21504K, reserved 1114112K
  class space    used 2774K, committed 3072K, reserved 1048576K
}
Event: 5.853 GC heap before
{Heap before GC invocations=4 (full 1):
 PSYoungGen      total 151552K, used 110209K [0x00000007aab00000, 0x00000007b5400000, 0x0000000800000000)
  eden space 130048K, 84% used [0x00000007aab00000,0x00000007b16a0630,0x00000007b2a00000)
  from space 21504K, 0% used [0x00000007b3f00000,0x00000007b3f00000,0x00000007b5400000)
  to   space 21504K, 0% used [0x00000007b2a00000,0x00000007b2a00000,0x00000007b3f00000)
 ParOldGen       total 347136K, used 21611K [0x0000000700000000, 0x0000000715300000, 0x00000007aab00000)
  object space 347136K, 6% used [0x0000000700000000,0x000000070151ac70,0x0000000715300000)
 Metaspace       used 34603K, committed 35840K, reserved 1114112K
  class space    used 4808K, committed 5440K, reserved 1048576K
}
Event: 5.856 GC heap after
{Heap after GC invocations=4 (full 1):
 PSYoungGen      total 151552K, used 5704K [0x00000007aab00000, 0x00000007b5400000, 0x0000000800000000)
  eden space 130048K, 0% used [0x00000007aab00000,0x00000007aab00000,0x00000007b2a00000)
  from space 21504K, 26% used [0x00000007b2a00000,0x00000007b2f921c8,0x00000007b3f00000)
  to   space 21504K, 0% used [0x00000007b3f00000,0x00000007b3f00000,0x00000007b5400000)
 ParOldGen       total 347136K, used 21619K [0x0000000700000000, 0x0000000715300000, 0x00000007aab00000)
  object space 347136K, 6% used [0x0000000700000000,0x000000070151cc70,0x0000000715300000)
 Metaspace       used 34603K, committed 35840K, reserved 1114112K
  class space    used 4808K, committed 5440K, reserved 1048576K
}
Event: 5.856 GC heap before
{Heap before GC invocations=5 (full 2):
 PSYoungGen      total 151552K, used 5704K [0x00000007aab00000, 0x00000007b5400000, 0x0000000800000000)
  eden space 130048K, 0% used [0x00000007aab00000,0x00000007aab00000,0x00000007b2a00000)
  from space 21504K, 26% used [0x00000007b2a00000,0x00000007b2f921c8,0x00000007b3f00000)
  to   space 21504K, 0% used [0x00000007b3f00000,0x00000007b3f00000,0x00000007b5400000)
 ParOldGen       total 347136K, used 21619K [0x0000000700000000, 0x0000000715300000, 0x00000007aab00000)
  object space 347136K, 6% used [0x0000000700000000,0x000000070151cc70,0x0000000715300000)
 Metaspace       used 34603K, committed 35840K, reserved 1114112K
  class space    used 4808K, committed 5440K, reserved 1048576K
}
Event: 5.885 GC heap after
{Heap after GC invocations=5 (full 2):
 PSYoungGen      total 151552K, used 0K [0x00000007aab00000, 0x00000007b5400000, 0x0000000800000000)
  eden space 130048K, 0% used [0x00000007aab00000,0x00000007aab00000,0x00000007b2a00000)
  from space 21504K, 0% used [0x00000007b2a00000,0x00000007b2a00000,0x00000007b3f00000)
  to   space 21504K, 0% used [0x00000007b3f00000,0x00000007b3f00000,0x00000007b5400000)
 ParOldGen       total 347136K, used 26927K [0x0000000700000000, 0x0000000715300000, 0x00000007aab00000)
  object space 347136K, 7% used [0x0000000700000000,0x0000000701a4bd28,0x0000000715300000)
 Metaspace       used 34603K, committed 35840K, reserved 1114112K
  class space    used 4808K, committed 5440K, reserved 1048576K
}
Event: 8.838 GC heap before
{Heap before GC invocations=6 (full 2):
 PSYoungGen      total 151552K, used 130048K [0x00000007aab00000, 0x00000007b5400000, 0x0000000800000000)
  eden space 130048K, 100% used [0x00000007aab00000,0x00000007b2a00000,0x00000007b2a00000)
  from space 21504K, 0% used [0x00000007b2a00000,0x00000007b2a00000,0x00000007b3f00000)
  to   space 21504K, 0% used [0x00000007b3f00000,0x00000007b3f00000,0x00000007b5400000)
 ParOldGen       total 347136K, used 26927K [0x0000000700000000, 0x0000000715300000, 0x00000007aab00000)
  object space 347136K, 7% used [0x0000000700000000,0x0000000701a4bd28,0x0000000715300000)
 Metaspace       used 46894K, committed 48576K, reserved 1114112K
  class space    used 6695K, committed 7488K, reserved 1048576K
}
Event: 8.842 GC heap after
{Heap after GC invocations=6 (full 2):
 PSYoungGen      total 151552K, used 6417K [0x00000007aab00000, 0x00000007b5400000, 0x0000000800000000)
  eden space 130048K, 0% used [0x00000007aab00000,0x00000007aab00000,0x00000007b2a00000)
  from space 21504K, 29% used [0x00000007b3f00000,0x00000007b4544620,0x00000007b5400000)
  to   space 21504K, 0% used [0x00000007b2a00000,0x00000007b2a00000,0x00000007b3f00000)
 ParOldGen       total 347136K, used 26935K [0x0000000700000000, 0x0000000715300000, 0x00000007aab00000)
  object space 347136K, 7% used [0x0000000700000000,0x0000000701a4dd28,0x0000000715300000)
 Metaspace       used 46894K, committed 48576K, reserved 1114112K
  class space    used 6695K, committed 7488K, reserved 1048576K
}
Event: 10.818 GC heap before
{Heap before GC invocations=7 (full 2):
 PSYoungGen      total 151552K, used 136465K [0x00000007aab00000, 0x00000007b5400000, 0x0000000800000000)
  eden space 130048K, 100% used [0x00000007aab00000,0x00000007b2a00000,0x00000007b2a00000)
  from space 21504K, 29% used [0x00000007b3f00000,0x00000007b4544620,0x00000007b5400000)
  to   space 21504K, 0% used [0x00000007b2a00000,0x00000007b2a00000,0x00000007b3f00000)
 ParOldGen       total 347136K, used 26935K [0x0000000700000000, 0x0000000715300000, 0x00000007aab00000)
  object space 347136K, 7% used [0x0000000700000000,0x0000000701a4dd28,0x0000000715300000)
 Metaspace       used 54802K, committed 56704K, reserved 1114112K
  class space    used 7720K, committed 8640K, reserved 1048576K
}
Event: 10.825 GC heap after
{Heap after GC invocations=7 (full 2):
 PSYoungGen      total 140800K, used 13526K [0x00000007aab00000, 0x00000007b5600000, 0x0000000800000000)
  eden space 126976K, 0% used [0x00000007aab00000,0x00000007aab00000,0x00000007b2700000)
  from space 13824K, 97% used [0x00000007b2a00000,0x00000007b37358a8,0x00000007b3780000)
  to   space 24064K, 0% used [0x00000007b3e80000,0x00000007b3e80000,0x00000007b5600000)
 ParOldGen       total 347136K, used 26951K [0x0000000700000000, 0x0000000715300000, 0x00000007aab00000)
  object space 347136K, 7% used [0x0000000700000000,0x0000000701a51d28,0x0000000715300000)
 Metaspace       used 54802K, committed 56704K, reserved 1114112K
  class space    used 7720K, committed 8640K, reserved 1048576K
}
Event: 12.618 GC heap before
{Heap before GC invocations=8 (full 2):
 PSYoungGen      total 140800K, used 65986K [0x00000007aab00000, 0x00000007b5600000, 0x0000000800000000)
  eden space 126976K, 41% used [0x00000007aab00000,0x00000007ade3b1e8,0x00000007b2700000)
  from space 13824K, 97% used [0x00000007b2a00000,0x00000007b37358a8,0x00000007b3780000)
  to   space 24064K, 0% used [0x00000007b3e80000,0x00000007b3e80000,0x00000007b5600000)
 ParOldGen       total 347136K, used 26951K [0x0000000700000000, 0x0000000715300000, 0x00000007aab00000)
  object space 347136K, 7% used [0x0000000700000000,0x0000000701a51d28,0x0000000715300000)
 Metaspace       used 57997K, committed 59776K, reserved 1114112K
  class space    used 8080K, committed 8960K, reserved 1048576K
}
Event: 12.624 GC heap after
{Heap after GC invocations=8 (full 2):
 PSYoungGen      total 147968K, used 21418K [0x00000007aab00000, 0x00000007b5c00000, 0x0000000800000000)
  eden space 123904K, 0% used [0x00000007aab00000,0x00000007aab00000,0x00000007b2400000)
  from space 24064K, 89% used [0x00000007b3e80000,0x00000007b536a9b0,0x00000007b5600000)
  to   space 27136K, 0% used [0x00000007b2400000,0x00000007b2400000,0x00000007b3e80000)
 ParOldGen       total 347136K, used 26959K [0x0000000700000000, 0x0000000715300000, 0x00000007aab00000)
  object space 347136K, 7% used [0x0000000700000000,0x0000000701a53d28,0x0000000715300000)
 Metaspace       used 57997K, committed 59776K, reserved 1114112K
  class space    used 8080K, committed 8960K, reserved 1048576K
}
Event: 12.624 GC heap before
{Heap before GC invocations=9 (full 3):
 PSYoungGen      total 147968K, used 21418K [0x00000007aab00000, 0x00000007b5c00000, 0x0000000800000000)
  eden space 123904K, 0% used [0x00000007aab00000,0x00000007aab00000,0x00000007b2400000)
  from space 24064K, 89% used [0x00000007b3e80000,0x00000007b536a9b0,0x00000007b5600000)
  to   space 27136K, 0% used [0x00000007b2400000,0x00000007b2400000,0x00000007b3e80000)
 ParOldGen       total 347136K, used 26959K [0x0000000700000000, 0x0000000715300000, 0x00000007aab00000)
  object space 347136K, 7% used [0x0000000700000000,0x0000000701a53d28,0x0000000715300000)
 Metaspace       used 57997K, committed 59776K, reserved 1114112K
  class space    used 8080K, committed 8960K, reserved 1048576K
}
Event: 12.677 GC heap after
{Heap after GC invocations=9 (full 3):
 PSYoungGen      total 147968K, used 0K [0x00000007aab00000, 0x00000007b5c00000, 0x0000000800000000)
  eden space 123904K, 0% used [0x00000007aab00000,0x00000007aab00000,0x00000007b2400000)
  from space 24064K, 0% used [0x00000007b3e80000,0x00000007b3e80000,0x00000007b5600000)
  to   space 27136K, 0% used [0x00000007b2400000,0x00000007b2400000,0x00000007b3e80000)
 ParOldGen       total 347136K, used 47568K [0x0000000700000000, 0x0000000715300000, 0x00000007aab00000)
  object space 347136K, 13% used [0x0000000700000000,0x0000000702e74188,0x0000000715300000)
 Metaspace       used 57997K, committed 59776K, reserved 1114112K
  class space    used 8080K, committed 8960K, reserved 1048576K
}
Event: 15.577 GC heap before
{Heap before GC invocations=10 (full 3):
 PSYoungGen      total 147968K, used 123904K [0x00000007aab00000, 0x00000007b5c00000, 0x0000000800000000)
  eden space 123904K, 100% used [0x00000007aab00000,0x00000007b2400000,0x00000007b2400000)
  from space 24064K, 0% used [0x00000007b3e80000,0x00000007b3e80000,0x00000007b5600000)
  to   space 27136K, 0% used [0x00000007b2400000,0x00000007b2400000,0x00000007b3e80000)
 ParOldGen       total 347136K, used 47568K [0x0000000700000000, 0x0000000715300000, 0x00000007aab00000)
  object space 347136K, 13% used [0x0000000700000000,0x0000000702e74188,0x0000000715300000)
 Metaspace       used 67300K, committed 69376K, reserved 1114112K
  class space    used 9575K, committed 10624K, reserved 1048576K
}
Event: 15.580 GC heap after
{Heap after GC invocations=10 (full 3):
 PSYoungGen      total 126464K, used 4719K [0x00000007aab00000, 0x00000007b5780000, 0x0000000800000000)
  eden space 121344K, 0% used [0x00000007aab00000,0x00000007aab00000,0x00000007b2180000)
  from space 5120K, 92% used [0x00000007b2400000,0x00000007b289bd28,0x00000007b2900000)
  to   space 27648K, 0% used [0x00000007b3c80000,0x00000007b3c80000,0x00000007b5780000)
 ParOldGen       total 347136K, used 47576K [0x0000000700000000, 0x0000000715300000, 0x00000007aab00000)
  object space 347136K, 13% used [0x0000000700000000,0x0000000702e76188,0x0000000715300000)
 Metaspace       used 67300K, committed 69376K, reserved 1114112K
  class space    used 9575K, committed 10624K, reserved 1048576K
}

